<?xml version="1.0" encoding="UTF-8"?>
<testng-results skipped="1" failed="3" total="19" passed="15">
  <reporter-output>
  </reporter-output>
  <suite name="Automation testing" duration-ms="16290" started-at="2017-04-16T11:48:38Z" finished-at="2017-04-16T11:48:54Z">
    <groups>
      <group name="Priority1">
        <method signature="PackTwo.Annotations.FlightBooking()" name="FlightBooking" class="PackTwo.Annotations"/>
      </group>
      <group name="Priority2">
        <method signature="PackTwo.Annotations.FlightCancel()" name="FlightCancel" class="PackTwo.Annotations"/>
      </group>
    </groups>
    <test name="Smoke test cases" duration-ms="16290" started-at="2017-04-16T11:48:38Z" finished-at="2017-04-16T11:48:54Z">
      <class name="PackTwo.Annotations">
        <test-method status="PASS" signature="Cookies()" name="Cookies" is-config="true" duration-ms="0" started-at="2017-04-16T11:48:38Z" finished-at="2017-04-16T11:48:38Z">
        </test-method>
        <test-method status="PASS" signature="Cookies()" name="Cookies" is-config="true" duration-ms="0" started-at="2017-04-16T11:48:38Z" finished-at="2017-04-16T11:48:38Z">
        </test-method>
        <test-method status="PASS" signature="UseridGeneration()" name="UseridGeneration" is-config="true" duration-ms="1" started-at="2017-04-16T11:48:43Z" finished-at="2017-04-16T11:48:43Z">
        </test-method>
        <test-method status="PASS" signature="BrowserClose()" name="BrowserClose" is-config="true" duration-ms="1" started-at="2017-04-16T11:48:43Z" finished-at="2017-04-16T11:48:43Z">
        </test-method>
        <test-method status="PASS" signature="AOpeningBrowser()" name="AOpeningBrowser" duration-ms="0" started-at="2017-04-16T11:48:43Z" finished-at="2017-04-16T11:48:43Z">
        </test-method>
        <test-method status="PASS" signature="UseridGeneration()" name="UseridGeneration" is-config="true" duration-ms="0" started-at="2017-04-16T11:48:43Z" finished-at="2017-04-16T11:48:43Z">
        </test-method>
        <test-method status="PASS" signature="FlightBooking()" name="FlightBooking" duration-ms="1" started-at="2017-04-16T11:48:43Z" finished-at="2017-04-16T11:48:43Z">
        </test-method>
        <test-method status="PASS" signature="BrowserClose()" name="BrowserClose" is-config="true" duration-ms="0" started-at="2017-04-16T11:48:43Z" finished-at="2017-04-16T11:48:43Z">
        </test-method>
        <test-method status="PASS" signature="UseridGeneration()" name="UseridGeneration" is-config="true" duration-ms="0" started-at="2017-04-16T11:48:43Z" finished-at="2017-04-16T11:48:43Z">
        </test-method>
        <test-method status="PASS" signature="FlightCancel()" name="FlightCancel" duration-ms="1" started-at="2017-04-16T11:48:43Z" finished-at="2017-04-16T11:48:43Z">
        </test-method>
        <test-method status="PASS" signature="BrowserClose()" name="BrowserClose" is-config="true" duration-ms="0" started-at="2017-04-16T11:48:43Z" finished-at="2017-04-16T11:48:43Z">
        </test-method>
        <test-method status="PASS" signature="CookiesClose()" name="CookiesClose" is-config="true" duration-ms="0" started-at="2017-04-16T11:48:54Z" finished-at="2017-04-16T11:48:54Z">
        </test-method>
        <test-method status="PASS" signature="CookiesClose()" name="CookiesClose" is-config="true" duration-ms="0" started-at="2017-04-16T11:48:54Z" finished-at="2017-04-16T11:48:54Z">
        </test-method>
      </class>
      <class name="PackTwo.TestBaseClass">
        <test-method status="FAIL" signature="Login()" name="Login" duration-ms="5525" started-at="2017-04-16T11:48:48Z" finished-at="2017-04-16T11:48:54Z">
          <exception class="org.openqa.selenium.SessionNotCreatedException">
            <message>
              <![CDATA[Unable to create new remote session. desired capabilities = Capabilities [{moz:firefoxOptions={binary=Optional.empty, args=[], legacy=null, logLevel=null, prefs={}, profile=null}}], required capabilities = Capabilities [{moz:firefoxOptions={binary=Optional.empty, args=[], legacy=null, logLevel=null, prefs={}, profile=null}}]
Build info: version: '3.3.1', revision: '5234b32', time: '2017-03-10 09:04:52 -0800'
System info: host: 'LAPTOP-U6N7CFLI', ip: '192.168.56.1', os.name: 'Windows 10', os.arch: 'amd64', os.version: '10.0', java.version: '1.8.0_121'
Driver info: driver.version: FirefoxDriver]]>
            </message>
            <full-stacktrace>
              <![CDATA[org.openqa.selenium.SessionNotCreatedException: Unable to create new remote session. desired capabilities = Capabilities [{moz:firefoxOptions={binary=Optional.empty, args=[], legacy=null, logLevel=null, prefs={}, profile=null}}], required capabilities = Capabilities [{moz:firefoxOptions={binary=Optional.empty, args=[], legacy=null, logLevel=null, prefs={}, profile=null}}]
Build info: version: '3.3.1', revision: '5234b32', time: '2017-03-10 09:04:52 -0800'
System info: host: 'LAPTOP-U6N7CFLI', ip: '192.168.56.1', os.name: 'Windows 10', os.arch: 'amd64', os.version: '10.0', java.version: '1.8.0_121'
Driver info: driver.version: FirefoxDriver
	at org.openqa.selenium.remote.ProtocolHandshake.createSession(ProtocolHandshake.java:126)
	at org.openqa.selenium.remote.HttpCommandExecutor.execute(HttpCommandExecutor.java:141)
	at org.openqa.selenium.remote.service.DriverCommandExecutor.execute(DriverCommandExecutor.java:82)
	at org.openqa.selenium.remote.RemoteWebDriver.execute(RemoteWebDriver.java:604)
	at org.openqa.selenium.remote.RemoteWebDriver.startSession(RemoteWebDriver.java:244)
	at org.openqa.selenium.remote.RemoteWebDriver.<init>(RemoteWebDriver.java:131)
	at org.openqa.selenium.firefox.FirefoxDriver.<init>(FirefoxDriver.java:218)
	at org.openqa.selenium.firefox.FirefoxDriver.<init>(FirefoxDriver.java:125)
	at org.openqa.selenium.firefox.FirefoxDriver.<init>(FirefoxDriver.java:121)
	at PackTwo.TestBaseClass.Login(TestBaseClass.java:34)
	at sun.reflect.NativeMethodAccessorImpl.invoke0(Native Method)
	at sun.reflect.NativeMethodAccessorImpl.invoke(NativeMethodAccessorImpl.java:62)
	at sun.reflect.DelegatingMethodAccessorImpl.invoke(DelegatingMethodAccessorImpl.java:43)
	at java.lang.reflect.Method.invoke(Method.java:498)
	at org.testng.internal.MethodInvocationHelper.invokeMethod(MethodInvocationHelper.java:74)
	at org.testng.internal.Invoker.invokeMethod(Invoker.java:673)
	at org.testng.internal.Invoker.invokeTestMethod(Invoker.java:846)
	at org.testng.internal.Invoker.invokeTestMethods(Invoker.java:1170)
	at org.testng.internal.TestMethodWorker.invokeTestMethods(TestMethodWorker.java:125)
	at org.testng.internal.TestMethodWorker.run(TestMethodWorker.java:109)
	at org.testng.TestRunner.runWorkers(TestRunner.java:1147)
	at org.testng.TestRunner.privateRun(TestRunner.java:749)
	at org.testng.TestRunner.run(TestRunner.java:600)
	at org.testng.SuiteRunner.runTest(SuiteRunner.java:317)
	at org.testng.SuiteRunner.runSequentially(SuiteRunner.java:312)
	at org.testng.SuiteRunner.privateRun(SuiteRunner.java:274)
	at org.testng.SuiteRunner.run(SuiteRunner.java:223)
	at org.testng.SuiteRunnerWorker.runSuite(SuiteRunnerWorker.java:52)
	at org.testng.SuiteRunnerWorker.run(SuiteRunnerWorker.java:86)
	at org.testng.TestNG.runSuitesSequentially(TestNG.java:1039)
	at org.testng.TestNG.runSuitesLocally(TestNG.java:964)
	at org.testng.TestNG.run(TestNG.java:900)
	at org.testng.TestNG.privateMain(TestNG.java:1182)
	at org.testng.TestNG.main(TestNG.java:1146)
]]>
            </full-stacktrace>
          </exception>
        </test-method>
      </class>
      <class name="testngFiles2.DependencyAnnot">
        <test-method status="PASS" signature="OpeningBrowser()" name="OpeningBrowser" duration-ms="0" started-at="2017-04-16T11:48:43Z" finished-at="2017-04-16T11:48:43Z">
        </test-method>
        <test-method status="PASS" signature="FlightBooking()" name="FlightBooking" duration-ms="0" started-at="2017-04-16T11:48:43Z" depends-on-methods="testngFiles2.DependencyAnnot.OpeningBrowser" finished-at="2017-04-16T11:48:43Z">
        </test-method>
        <test-method status="PASS" signature="LogiPage()" name="LogiPage" duration-ms="1" started-at="2017-04-16T11:48:54Z" finished-at="2017-04-16T11:48:54Z">
        </test-method>
        <test-method status="PASS" signature="CreditCardPayment()" name="CreditCardPayment" duration-ms="58" started-at="2017-04-16T11:48:54Z" finished-at="2017-04-16T11:48:54Z">
        </test-method>
        <test-method status="PASS" signature="HomePage()" name="HomePage" duration-ms="0" started-at="2017-04-16T11:48:54Z" finished-at="2017-04-16T11:48:54Z">
        </test-method>
      </class>
      <class name="PackTwo.Annot2">
        <test-method status="PASS" signature="installSoftware()" name="installSoftware" is-config="true" duration-ms="9" started-at="2017-04-16T11:48:38Z" finished-at="2017-04-16T11:48:38Z">
        </test-method>
        <test-method status="PASS" signature="installSoftware()" name="installSoftware" is-config="true" duration-ms="0" started-at="2017-04-16T11:48:38Z" finished-at="2017-04-16T11:48:38Z">
        </test-method>
        <test-method status="PASS" signature="deinstallSoftware()" name="deinstallSoftware" is-config="true" duration-ms="0" started-at="2017-04-16T11:48:54Z" finished-at="2017-04-16T11:48:54Z">
        </test-method>
        <test-method status="PASS" signature="deinstallSoftware()" name="deinstallSoftware" is-config="true" duration-ms="0" started-at="2017-04-16T11:48:54Z" finished-at="2017-04-16T11:48:54Z">
        </test-method>
        <test-method status="PASS" signature="deinstallSoftware()" name="deinstallSoftware" is-config="true" duration-ms="0" started-at="2017-04-16T11:48:54Z" finished-at="2017-04-16T11:48:54Z">
        </test-method>
      </class>
      <class name="testngFiles2.Annot2">
        <test-method status="PASS" signature="CodechangecheckJenkin()" name="CodechangecheckJenkin" duration-ms="1" started-at="2017-04-16T11:48:54Z" finished-at="2017-04-16T11:48:54Z">
        </test-method>
        <test-method status="PASS" signature="NewTestForJenkin()" name="NewTestForJenkin" duration-ms="0" started-at="2017-04-16T11:48:54Z" finished-at="2017-04-16T11:48:54Z">
        </test-method>
      </class>
      <class name="testngFiles2.Annotations">
        <test-method status="PASS" signature="UseridGeneration()" name="UseridGeneration" is-config="true" duration-ms="1" started-at="2017-04-16T11:48:54Z" finished-at="2017-04-16T11:48:54Z">
        </test-method>
        <test-method status="PASS" signature="AOpeningBrowser()" name="AOpeningBrowser" duration-ms="1" started-at="2017-04-16T11:48:54Z" finished-at="2017-04-16T11:48:54Z">
        </test-method>
        <test-method status="PASS" signature="UseridGeneration()" name="UseridGeneration" is-config="true" duration-ms="1" started-at="2017-04-16T11:48:54Z" finished-at="2017-04-16T11:48:54Z">
        </test-method>
        <test-method status="PASS" signature="BrowserClose()" name="BrowserClose" is-config="true" duration-ms="0" started-at="2017-04-16T11:48:54Z" finished-at="2017-04-16T11:48:54Z">
        </test-method>
        <test-method status="PASS" signature="BrowserClose()" name="BrowserClose" is-config="true" duration-ms="0" started-at="2017-04-16T11:48:54Z" finished-at="2017-04-16T11:48:54Z">
        </test-method>
        <test-method status="PASS" signature="FlightBooking()" name="FlightBooking" duration-ms="0" started-at="2017-04-16T11:48:54Z" finished-at="2017-04-16T11:48:54Z">
        </test-method>
      </class>
      <class name="PackTwo.DependencyAnnot">
        <test-method status="FAIL" signature="OpeningBrowser()" name="OpeningBrowser" duration-ms="5082" started-at="2017-04-16T11:48:38Z" finished-at="2017-04-16T11:48:43Z">
          <exception class="org.openqa.selenium.SessionNotCreatedException">
            <message>
              <![CDATA[Unable to create new remote session. desired capabilities = Capabilities [{moz:firefoxOptions={binary=Optional.empty, args=[], legacy=null, logLevel=null, prefs={}, profile=null}}], required capabilities = Capabilities [{moz:firefoxOptions={binary=Optional.empty, args=[], legacy=null, logLevel=null, prefs={}, profile=null}}]
Build info: version: '3.3.1', revision: '5234b32', time: '2017-03-10 09:04:52 -0800'
System info: host: 'LAPTOP-U6N7CFLI', ip: '192.168.56.1', os.name: 'Windows 10', os.arch: 'amd64', os.version: '10.0', java.version: '1.8.0_121'
Driver info: driver.version: FirefoxDriver]]>
            </message>
            <full-stacktrace>
              <![CDATA[org.openqa.selenium.SessionNotCreatedException: Unable to create new remote session. desired capabilities = Capabilities [{moz:firefoxOptions={binary=Optional.empty, args=[], legacy=null, logLevel=null, prefs={}, profile=null}}], required capabilities = Capabilities [{moz:firefoxOptions={binary=Optional.empty, args=[], legacy=null, logLevel=null, prefs={}, profile=null}}]
Build info: version: '3.3.1', revision: '5234b32', time: '2017-03-10 09:04:52 -0800'
System info: host: 'LAPTOP-U6N7CFLI', ip: '192.168.56.1', os.name: 'Windows 10', os.arch: 'amd64', os.version: '10.0', java.version: '1.8.0_121'
Driver info: driver.version: FirefoxDriver
	at org.openqa.selenium.remote.ProtocolHandshake.createSession(ProtocolHandshake.java:126)
	at org.openqa.selenium.remote.HttpCommandExecutor.execute(HttpCommandExecutor.java:141)
	at org.openqa.selenium.remote.service.DriverCommandExecutor.execute(DriverCommandExecutor.java:82)
	at org.openqa.selenium.remote.RemoteWebDriver.execute(RemoteWebDriver.java:604)
	at org.openqa.selenium.remote.RemoteWebDriver.startSession(RemoteWebDriver.java:244)
	at org.openqa.selenium.remote.RemoteWebDriver.<init>(RemoteWebDriver.java:131)
	at org.openqa.selenium.firefox.FirefoxDriver.<init>(FirefoxDriver.java:218)
	at org.openqa.selenium.firefox.FirefoxDriver.<init>(FirefoxDriver.java:125)
	at org.openqa.selenium.firefox.FirefoxDriver.<init>(FirefoxDriver.java:121)
	at PackTwo.TestBaseClass.Login(TestBaseClass.java:34)
	at PackTwo.DependencyAnnot.OpeningBrowser(DependencyAnnot.java:11)
	at sun.reflect.NativeMethodAccessorImpl.invoke0(Native Method)
	at sun.reflect.NativeMethodAccessorImpl.invoke(NativeMethodAccessorImpl.java:62)
	at sun.reflect.DelegatingMethodAccessorImpl.invoke(DelegatingMethodAccessorImpl.java:43)
	at java.lang.reflect.Method.invoke(Method.java:498)
	at org.testng.internal.MethodInvocationHelper.invokeMethod(MethodInvocationHelper.java:74)
	at org.testng.internal.Invoker.invokeMethod(Invoker.java:673)
	at org.testng.internal.Invoker.invokeTestMethod(Invoker.java:846)
	at org.testng.internal.Invoker.invokeTestMethods(Invoker.java:1170)
	at org.testng.internal.TestMethodWorker.invokeTestMethods(TestMethodWorker.java:125)
	at org.testng.internal.TestMethodWorker.run(TestMethodWorker.java:109)
	at org.testng.TestRunner.runWorkers(TestRunner.java:1147)
	at org.testng.TestRunner.privateRun(TestRunner.java:749)
	at org.testng.TestRunner.run(TestRunner.java:600)
	at org.testng.SuiteRunner.runTest(SuiteRunner.java:317)
	at org.testng.SuiteRunner.runSequentially(SuiteRunner.java:312)
	at org.testng.SuiteRunner.privateRun(SuiteRunner.java:274)
	at org.testng.SuiteRunner.run(SuiteRunner.java:223)
	at org.testng.SuiteRunnerWorker.runSuite(SuiteRunnerWorker.java:52)
	at org.testng.SuiteRunnerWorker.run(SuiteRunnerWorker.java:86)
	at org.testng.TestNG.runSuitesSequentially(TestNG.java:1039)
	at org.testng.TestNG.runSuitesLocally(TestNG.java:964)
	at org.testng.TestNG.run(TestNG.java:900)
	at org.testng.TestNG.privateMain(TestNG.java:1182)
	at org.testng.TestNG.main(TestNG.java:1146)
]]>
            </full-stacktrace>
          </exception>
        </test-method>
        <test-method status="SKIP" signature="FlightBooking()" name="FlightBooking" duration-ms="1" started-at="2017-04-16T11:48:43Z" depends-on-methods="PackTwo.DependencyAnnot.OpeningBrowser" finished-at="2017-04-16T11:48:43Z">
        </test-method>
        <test-method status="PASS" signature="CreditCardPayment()" name="CreditCardPayment" duration-ms="13" started-at="2017-04-16T11:48:43Z" finished-at="2017-04-16T11:48:43Z">
        </test-method>
        <test-method status="PASS" signature="LogiPage()" name="LogiPage" duration-ms="0" started-at="2017-04-16T11:48:43Z" finished-at="2017-04-16T11:48:43Z">
        </test-method>
        <test-method status="FAIL" signature="Login()" name="Login" duration-ms="5584" started-at="2017-04-16T11:48:43Z" finished-at="2017-04-16T11:48:48Z">
          <exception class="org.openqa.selenium.SessionNotCreatedException">
            <message>
              <![CDATA[Unable to create new remote session. desired capabilities = Capabilities [{moz:firefoxOptions={binary=Optional.empty, args=[], legacy=null, logLevel=null, prefs={}, profile=null}}], required capabilities = Capabilities [{moz:firefoxOptions={binary=Optional.empty, args=[], legacy=null, logLevel=null, prefs={}, profile=null}}]
Build info: version: '3.3.1', revision: '5234b32', time: '2017-03-10 09:04:52 -0800'
System info: host: 'LAPTOP-U6N7CFLI', ip: '192.168.56.1', os.name: 'Windows 10', os.arch: 'amd64', os.version: '10.0', java.version: '1.8.0_121'
Driver info: driver.version: FirefoxDriver]]>
            </message>
            <full-stacktrace>
              <![CDATA[org.openqa.selenium.SessionNotCreatedException: Unable to create new remote session. desired capabilities = Capabilities [{moz:firefoxOptions={binary=Optional.empty, args=[], legacy=null, logLevel=null, prefs={}, profile=null}}], required capabilities = Capabilities [{moz:firefoxOptions={binary=Optional.empty, args=[], legacy=null, logLevel=null, prefs={}, profile=null}}]
Build info: version: '3.3.1', revision: '5234b32', time: '2017-03-10 09:04:52 -0800'
System info: host: 'LAPTOP-U6N7CFLI', ip: '192.168.56.1', os.name: 'Windows 10', os.arch: 'amd64', os.version: '10.0', java.version: '1.8.0_121'
Driver info: driver.version: FirefoxDriver
	at org.openqa.selenium.remote.ProtocolHandshake.createSession(ProtocolHandshake.java:126)
	at org.openqa.selenium.remote.HttpCommandExecutor.execute(HttpCommandExecutor.java:141)
	at org.openqa.selenium.remote.service.DriverCommandExecutor.execute(DriverCommandExecutor.java:82)
	at org.openqa.selenium.remote.RemoteWebDriver.execute(RemoteWebDriver.java:604)
	at org.openqa.selenium.remote.RemoteWebDriver.startSession(RemoteWebDriver.java:244)
	at org.openqa.selenium.remote.RemoteWebDriver.<init>(RemoteWebDriver.java:131)
	at org.openqa.selenium.firefox.FirefoxDriver.<init>(FirefoxDriver.java:218)
	at org.openqa.selenium.firefox.FirefoxDriver.<init>(FirefoxDriver.java:125)
	at org.openqa.selenium.firefox.FirefoxDriver.<init>(FirefoxDriver.java:121)
	at PackTwo.TestBaseClass.Login(TestBaseClass.java:34)
	at sun.reflect.NativeMethodAccessorImpl.invoke0(Native Method)
	at sun.reflect.NativeMethodAccessorImpl.invoke(NativeMethodAccessorImpl.java:62)
	at sun.reflect.DelegatingMethodAccessorImpl.invoke(DelegatingMethodAccessorImpl.java:43)
	at java.lang.reflect.Method.invoke(Method.java:498)
	at org.testng.internal.MethodInvocationHelper.invokeMethod(MethodInvocationHelper.java:74)
	at org.testng.internal.Invoker.invokeMethod(Invoker.java:673)
	at org.testng.internal.Invoker.invokeTestMethod(Invoker.java:846)
	at org.testng.internal.Invoker.invokeTestMethods(Invoker.java:1170)
	at org.testng.internal.TestMethodWorker.invokeTestMethods(TestMethodWorker.java:125)
	at org.testng.internal.TestMethodWorker.run(TestMethodWorker.java:109)
	at org.testng.TestRunner.runWorkers(TestRunner.java:1147)
	at org.testng.TestRunner.privateRun(TestRunner.java:749)
	at org.testng.TestRunner.run(TestRunner.java:600)
	at org.testng.SuiteRunner.runTest(SuiteRunner.java:317)
	at org.testng.SuiteRunner.runSequentially(SuiteRunner.java:312)
	at org.testng.SuiteRunner.privateRun(SuiteRunner.java:274)
	at org.testng.SuiteRunner.run(SuiteRunner.java:223)
	at org.testng.SuiteRunnerWorker.runSuite(SuiteRunnerWorker.java:52)
	at org.testng.SuiteRunnerWorker.run(SuiteRunnerWorker.java:86)
	at org.testng.TestNG.runSuitesSequentially(TestNG.java:1039)
	at org.testng.TestNG.runSuitesLocally(TestNG.java:964)
	at org.testng.TestNG.run(TestNG.java:900)
	at org.testng.TestNG.privateMain(TestNG.java:1182)
	at org.testng.TestNG.main(TestNG.java:1146)
]]>
            </full-stacktrace>
          </exception>
        </test-method>
        <test-method status="PASS" signature="HomePage()" name="HomePage" duration-ms="1" started-at="2017-04-16T11:48:54Z" finished-at="2017-04-16T11:48:54Z">
        </test-method>
      </class>
    </test>
  </suite>
</testng-results>
